0000 o
00010 )
000110 -
0001110 1
000111100 `
0001111010 |
00011110110 8
00011110111 _
00011111 O
001000 =
001001 :
00101000 P
001010010 <
001010011 \
0010101 b
001011 .
001100 M
001101 m
00111 y
010 e
01100 p
01101 l
011100 B
01110100 q
011101010000 /
011101010001 0
01110101001 '
0111010101 R
011101011 @
01110110 w
01110111 H
011110 g
011111 u
100000 f
100001 s
1000100 ,
1000101 >
1000110 N
1000111 [
1001 t
1010 a
1011000 ]
1011001 +
1011010 F
10110110 k
101101110 E
101101111 I
101110 S
1011110 x
10111110 2
101111110 L
101111111 v
11000 d
11001 n
1101 r
111000 C
111001 T
11101 i
11110000 A
11110001000 K
11110001001 W
11110001010 ;
11110001011 J
111100011 D
11110010 !
11110011 "
111101 c
111110 h
111111 (