o 0000
) 00010
- 000110
1 0001110
` 000111100
| 0001111010
8 00011110110
_ 00011110111
O 00011111
= 001000
: 001001
P 00101000
< 001010010
\ 001010011
b 0010101
. 001011
M 001100
m 001101
y 00111
e 010
p 01100
l 01101
B 011100
q 01110100
/ 011101010000
0 011101010001
' 01110101001
R 0111010101
@ 011101011
w 01110110
H 01110111
g 011110
u 011111
f 100000
s 100001
, 1000100
> 1000101
N 1000110
[ 1000111
t 1001
a 1010
] 1011000
+ 1011001
F 1011010
k 10110110
E 101101110
I 101101111
S 101110
x 1011110
2 10111110
L 101111110
v 101111111
d 11000
n 11001
r 1101
C 111000
T 111001
i 11101
A 11110000
K 11110001000
W 11110001001
; 11110001010
J 11110001011
D 111100011
! 11110010
" 11110011
c 111101
h 111110
( 111111